<?xml version="1.0" encoding="UTF-8"?>
<!-- Generated by org.testng.reporters.JUnitReportReporter -->
<testsuite hostname="chclass14" name="com.softserve.hotels.controller.AdminControllerTest" tests="4" failures="0" timestamp="29 Feb 2016 13:54:09 GMT" time="0.792" errors="0">
  <testcase name="testAccess" time="0.337" classname="com.softserve.hotels.controller.AdminControllerTest"/>
  <testcase name="testUserList" time="0.199" classname="com.softserve.hotels.controller.AdminControllerTest"/>
  <testcase name="testDisableUser" time="0.088" classname="com.softserve.hotels.controller.AdminControllerTest"/>
  <testcase name="testChangeUserRole" time="0.168" classname="com.softserve.hotels.controller.AdminControllerTest"/>
</testsuite> <!-- com.softserve.hotels.controller.AdminControllerTest -->
